[2024-10-02T19:08:17.899+0000] {local_task_job_runner.py:123} INFO - ::group::Pre task execution logs
[2024-10-02T19:08:17.956+0000] {taskinstance.py:2612} INFO - Dependencies all met for dep_context=non-requeueable deps ti=<TaskInstance: sparking_flow.python_job manual__2024-10-02T19:07:16.012695+00:00 [queued]>
[2024-10-02T19:08:17.983+0000] {taskinstance.py:2612} INFO - Dependencies all met for dep_context=requeueable deps ti=<TaskInstance: sparking_flow.python_job manual__2024-10-02T19:07:16.012695+00:00 [queued]>
[2024-10-02T19:08:17.984+0000] {taskinstance.py:2865} INFO - Starting attempt 2 of 2
[2024-10-02T19:08:18.033+0000] {taskinstance.py:2888} INFO - Executing <Task(SparkSubmitOperator): python_job> on 2024-10-02 19:07:16.012695+00:00
[2024-10-02T19:08:18.054+0000] {standard_task_runner.py:104} INFO - Running: ['***', 'tasks', 'run', 'sparking_flow', 'python_job', 'manual__2024-10-02T19:07:16.012695+00:00', '--job-id', '13467', '--raw', '--subdir', 'DAGS_FOLDER/materi/test.py', '--cfg-path', '/tmp/tmpvf95xm8o']
[2024-10-02T19:08:18.061+0000] {standard_task_runner.py:105} INFO - Job 13467: Subtask python_job
[2024-10-02T19:08:18.062+0000] {logging_mixin.py:190} WARNING - /home/***/.local/lib/python3.12/site-packages/***/task/task_runner/standard_task_runner.py:70 DeprecationWarning: This process (pid=86374) is multi-threaded, use of fork() may lead to deadlocks in the child.
[2024-10-02T19:08:18.064+0000] {standard_task_runner.py:72} INFO - Started process 86394 to run task
[2024-10-02T19:08:18.178+0000] {task_command.py:467} INFO - Running <TaskInstance: sparking_flow.python_job manual__2024-10-02T19:07:16.012695+00:00 [running]> on host 19cd1516b3ca
[2024-10-02T19:08:18.381+0000] {taskinstance.py:3131} INFO - Exporting env vars: AIRFLOW_CTX_DAG_OWNER='Yusuf Ganiyu' AIRFLOW_CTX_DAG_ID='sparking_flow' AIRFLOW_CTX_TASK_ID='python_job' AIRFLOW_CTX_EXECUTION_DATE='2024-10-02T19:07:16.012695+00:00' AIRFLOW_CTX_TRY_NUMBER='2' AIRFLOW_CTX_DAG_RUN_ID='manual__2024-10-02T19:07:16.012695+00:00'
[2024-10-02T19:08:18.382+0000] {taskinstance.py:731} INFO - ::endgroup::
[2024-10-02T19:08:18.433+0000] {base.py:84} INFO - Retrieving connection 'spark-conn'
[2024-10-02T19:08:18.435+0000] {spark_submit.py:335} INFO - Spark-Submit cmd: spark-submit --master spark://spark-master:7077 --name arrow-spark jobs/wordcountjob.py --text Hello Spark Hello Python Hello Airflow Hello Docker and Hello Yusuf
[2024-10-02T19:08:18.536+0000] {spark_submit.py:488} INFO - /home/***/.local/lib/python3.12/site-packages/pyspark/bin/load-spark-env.sh: line 68: ps: command not found
[2024-10-02T19:08:23.854+0000] {spark_submit.py:488} INFO - Traceback (most recent call last):
[2024-10-02T19:08:23.854+0000] {spark_submit.py:488} INFO - File "/opt/***/jobs/wordcountjob.py", line 16, in <module>
[2024-10-02T19:08:23.855+0000] {spark_submit.py:488} INFO - wordcountjob()
[2024-10-02T19:08:23.855+0000] {spark_submit.py:488} INFO - TypeError: wordcountjob() missing 1 required positional argument: 'text'
[2024-10-02T19:08:23.948+0000] {spark_submit.py:488} INFO - 24/10/02 19:08:23 INFO ShutdownHookManager: Shutdown hook called
[2024-10-02T19:08:23.952+0000] {spark_submit.py:488} INFO - 24/10/02 19:08:23 INFO ShutdownHookManager: Deleting directory /tmp/spark-a23cac11-6483-4946-820b-e08d3b91008d
[2024-10-02T19:08:24.013+0000] {taskinstance.py:3310} ERROR - Task failed with exception
Traceback (most recent call last):
  File "/home/airflow/.local/lib/python3.12/site-packages/airflow/models/taskinstance.py", line 767, in _execute_task
    result = _execute_callable(context=context, **execute_callable_kwargs)
             ^^^^^^^^^^^^^^^^^^^^^^^^^^^^^^^^^^^^^^^^^^^^^^^^^^^^^^^^^^^^^
  File "/home/airflow/.local/lib/python3.12/site-packages/airflow/models/taskinstance.py", line 733, in _execute_callable
    return ExecutionCallableRunner(
           ^^^^^^^^^^^^^^^^^^^^^^^^
  File "/home/airflow/.local/lib/python3.12/site-packages/airflow/utils/operator_helpers.py", line 252, in run
    return self.func(*args, **kwargs)
           ^^^^^^^^^^^^^^^^^^^^^^^^^^
  File "/home/airflow/.local/lib/python3.12/site-packages/airflow/models/baseoperator.py", line 406, in wrapper
    return func(self, *args, **kwargs)
           ^^^^^^^^^^^^^^^^^^^^^^^^^^^
  File "/home/airflow/.local/lib/python3.12/site-packages/airflow/providers/apache/spark/operators/spark_submit.py", line 157, in execute
    self._hook.submit(self._application)
  File "/home/airflow/.local/lib/python3.12/site-packages/airflow/providers/apache/spark/hooks/spark_submit.py", line 419, in submit
    raise AirflowException(
airflow.exceptions.AirflowException: Cannot execute: spark-submit --master spark://spark-master:7077 --name arrow-spark jobs/wordcountjob.py --text Hello Spark Hello Python Hello Airflow Hello Docker and Hello Yusuf. Error code is: 1.
[2024-10-02T19:08:24.019+0000] {taskinstance.py:1225} INFO - Marking task as FAILED. dag_id=sparking_flow, task_id=python_job, run_id=manual__2024-10-02T19:07:16.012695+00:00, execution_date=20241002T190716, start_date=20241002T190817, end_date=20241002T190824
[2024-10-02T19:08:24.037+0000] {taskinstance.py:340} INFO - ::group::Post task execution logs
[2024-10-02T19:08:24.038+0000] {standard_task_runner.py:124} ERROR - Failed to execute job 13467 for task python_job (Cannot execute: spark-submit --master spark://spark-master:7077 --name arrow-spark jobs/wordcountjob.py --text Hello Spark Hello Python Hello Airflow Hello Docker and Hello Yusuf. Error code is: 1.; 86394)
Traceback (most recent call last):
  File "/home/airflow/.local/lib/python3.12/site-packages/airflow/task/task_runner/standard_task_runner.py", line 117, in _start_by_fork
    ret = args.func(args, dag=self.dag)
          ^^^^^^^^^^^^^^^^^^^^^^^^^^^^^
  File "/home/airflow/.local/lib/python3.12/site-packages/airflow/cli/cli_config.py", line 49, in command
    return func(*args, **kwargs)
           ^^^^^^^^^^^^^^^^^^^^^
  File "/home/airflow/.local/lib/python3.12/site-packages/airflow/utils/cli.py", line 115, in wrapper
    return f(*args, **kwargs)
           ^^^^^^^^^^^^^^^^^^
  File "/home/airflow/.local/lib/python3.12/site-packages/airflow/cli/commands/task_command.py", line 483, in task_run
    task_return_code = _run_task_by_selected_method(args, _dag, ti)
                       ^^^^^^^^^^^^^^^^^^^^^^^^^^^^^^^^^^^^^^^^^^^^
  File "/home/airflow/.local/lib/python3.12/site-packages/airflow/cli/commands/task_command.py", line 256, in _run_task_by_selected_method
    return _run_raw_task(args, ti)
           ^^^^^^^^^^^^^^^^^^^^^^^
  File "/home/airflow/.local/lib/python3.12/site-packages/airflow/cli/commands/task_command.py", line 341, in _run_raw_task
    return ti._run_raw_task(
           ^^^^^^^^^^^^^^^^^
  File "/home/airflow/.local/lib/python3.12/site-packages/airflow/utils/session.py", line 97, in wrapper
    return func(*args, session=session, **kwargs)
           ^^^^^^^^^^^^^^^^^^^^^^^^^^^^^^^^^^^^^^
  File "/home/airflow/.local/lib/python3.12/site-packages/airflow/models/taskinstance.py", line 3004, in _run_raw_task
    return _run_raw_task(
           ^^^^^^^^^^^^^^
  File "/home/airflow/.local/lib/python3.12/site-packages/airflow/models/taskinstance.py", line 273, in _run_raw_task
    TaskInstance._execute_task_with_callbacks(
  File "/home/airflow/.local/lib/python3.12/site-packages/airflow/models/taskinstance.py", line 3158, in _execute_task_with_callbacks
    result = self._execute_task(context, task_orig)
             ^^^^^^^^^^^^^^^^^^^^^^^^^^^^^^^^^^^^^^
  File "/home/airflow/.local/lib/python3.12/site-packages/airflow/models/taskinstance.py", line 3182, in _execute_task
    return _execute_task(self, context, task_orig)
           ^^^^^^^^^^^^^^^^^^^^^^^^^^^^^^^^^^^^^^^
  File "/home/airflow/.local/lib/python3.12/site-packages/airflow/models/taskinstance.py", line 767, in _execute_task
    result = _execute_callable(context=context, **execute_callable_kwargs)
             ^^^^^^^^^^^^^^^^^^^^^^^^^^^^^^^^^^^^^^^^^^^^^^^^^^^^^^^^^^^^^
  File "/home/airflow/.local/lib/python3.12/site-packages/airflow/models/taskinstance.py", line 733, in _execute_callable
    return ExecutionCallableRunner(
           ^^^^^^^^^^^^^^^^^^^^^^^^
  File "/home/airflow/.local/lib/python3.12/site-packages/airflow/utils/operator_helpers.py", line 252, in run
    return self.func(*args, **kwargs)
           ^^^^^^^^^^^^^^^^^^^^^^^^^^
  File "/home/airflow/.local/lib/python3.12/site-packages/airflow/models/baseoperator.py", line 406, in wrapper
    return func(self, *args, **kwargs)
           ^^^^^^^^^^^^^^^^^^^^^^^^^^^
  File "/home/airflow/.local/lib/python3.12/site-packages/airflow/providers/apache/spark/operators/spark_submit.py", line 157, in execute
    self._hook.submit(self._application)
  File "/home/airflow/.local/lib/python3.12/site-packages/airflow/providers/apache/spark/hooks/spark_submit.py", line 419, in submit
    raise AirflowException(
airflow.exceptions.AirflowException: Cannot execute: spark-submit --master spark://spark-master:7077 --name arrow-spark jobs/wordcountjob.py --text Hello Spark Hello Python Hello Airflow Hello Docker and Hello Yusuf. Error code is: 1.
[2024-10-02T19:08:24.077+0000] {local_task_job_runner.py:266} INFO - Task exited with return code 1
[2024-10-02T19:08:24.112+0000] {taskinstance.py:3900} INFO - 0 downstream tasks scheduled from follow-on schedule check
[2024-10-02T19:08:24.117+0000] {local_task_job_runner.py:245} INFO - ::endgroup::
